CampusNewsClients/build/outputs/logs/manifest-merger-debug-report.txt
-- Merging decision tree log ---
manifest
ADDED from src\main\AndroidManifest.xml:2:1-78:12
	package
		ADDED from src\main\AndroidManifest.xml:3:5-26
		INJECTED from src\main\AndroidManifest.xml
		INJECTED from src\main\AndroidManifest.xml
	android:versionName
		ADDED from src\main\AndroidManifest.xml:5:5-30
		INJECTED from src\main\AndroidManifest.xml
		INJECTED from src\main\AndroidManifest.xml
	android:versionCode
		ADDED from src\main\AndroidManifest.xml:4:5-28
		INJECTED from src\main\AndroidManifest.xml
		INJECTED from src\main\AndroidManifest.xml
	xmlns:android
		ADDED from src\main\AndroidManifest.xml:2:11-69
uses-sdk
ADDED from src\main\AndroidManifest.xml:7:5-9:41
MERGED from [CampusNews:library_SlidingMenu:unspecified] AndroidManifest.xml:7:5-9:41
MERGED from [:SMSSDK-2.1.3:] AndroidManifest.xml:7:5-9:41
MERGED from [:SMSSDKGUI-2.1.3:] AndroidManifest.xml:7:5-9:41
MERGED from [com.github.chenupt.android:springindicator:1.0.2] AndroidManifest.xml:7:5-9:41
MERGED from [com.flyco.dialog:FlycoDialog_Lib:1.3.2] AndroidManifest.xml:7:5-9:41
MERGED from [com.android.support:design:25.3.1] AndroidManifest.xml:21:5-23:62
MERGED from [com.android.support:transition:25.3.1] AndroidManifest.xml:20:5-44
MERGED from [com.android.support:recyclerview-v7:25.3.1] AndroidManifest.xml:20:5-43
MERGED from [co.lujun:androidtagview:1.1.0] AndroidManifest.xml:7:5-9:41
MERGED from [com.github.jd-alexander:LikeButton:0.2.0] AndroidManifest.xml:7:5-9:41
MERGED from [com.android.support:appcompat-v7:25.3.1] AndroidManifest.xml:21:5-23:78
MERGED from [com.android.support:support-v4:25.3.1] AndroidManifest.xml:21:5-23:54
MERGED from [com.android.support:support-fragment:25.3.1] AndroidManifest.xml:21:5-23:60
MERGED from [com.android.support:support-media-compat:25.3.1] AndroidManifest.xml:21:5-23:63
MERGED from [com.android.support:support-core-ui:25.3.1] AndroidManifest.xml:21:5-23:58
MERGED from [com.android.support:support-core-utils:25.3.1] AndroidManifest.xml:21:5-23:61
MERGED from [com.android.support:animated-vector-drawable:25.3.1] AndroidManifest.xml:20:5-44
MERGED from [com.android.support:support-vector-drawable:25.3.1] AndroidManifest.xml:20:5-43
MERGED from [com.android.support:support-compat:25.3.1] AndroidManifest.xml:21:5-23:58
MERGED from [de.hdodenhof:circleimageview:2.1.0] AndroidManifest.xml:5:5-7:41
MERGED from [com.android.support.constraint:constraint-layout:1.0.2] AndroidManifest.xml:5:5-7:41
	tools:overrideLibrary
		ADDED from [com.android.support:design:25.3.1] AndroidManifest.xml:23:9-59
	android:targetSdkVersion
		ADDED from src\main\AndroidManifest.xml:9:9-38
		INJECTED from src\main\AndroidManifest.xml
		INJECTED from src\main\AndroidManifest.xml
	android:minSdkVersion
		ADDED from src\main\AndroidManifest.xml:8:9-35
		INJECTED from src\main\AndroidManifest.xml
		INJECTED from src\main\AndroidManifest.xml
uses-permission#android.permission.READ_CONTACTS
ADDED from src\main\AndroidManifest.xml:11:5-72
	android:name
		ADDED from src\main\AndroidManifest.xml:11:22-69
uses-permission#android.permission.READ_PHONE_STATE
ADDED from src\main\AndroidManifest.xml:12:5-75
	android:name
		ADDED from src\main\AndroidManifest.xml:12:22-72
uses-permission#android.permission.WRITE_EXTERNAL_STORAGE
ADDED from src\main\AndroidManifest.xml:13:5-81
	android:name
		ADDED from src\main\AndroidManifest.xml:13:22-78
uses-permission#android.permission.ACCESS_NETWORK_STATE
ADDED from src\main\AndroidManifest.xml:14:5-79
	android:name
		ADDED from src\main\AndroidManifest.xml:14:22-76
uses-permission#android.permission.ACCESS_WIFI_STATE
ADDED from src\main\AndroidManifest.xml:15:5-76
	android:name
		ADDED from src\main\AndroidManifest.xml:15:22-73
uses-permission#android.permission.INTERNET
ADDED from src\main\AndroidManifest.xml:16:5-67
	android:name
		ADDED from src\main\AndroidManifest.xml:16:22-64
uses-permission#android.permission.RECEIVE_SMS
ADDED from src\main\AndroidManifest.xml:17:5-70
	android:name
		ADDED from src\main\AndroidManifest.xml:17:22-67
uses-permission#android.permission.READ_SMS
ADDED from src\main\AndroidManifest.xml:18:5-67
	android:name
		ADDED from src\main\AndroidManifest.xml:18:22-64
uses-permission#android.permission.GET_TASKS
ADDED from src\main\AndroidManifest.xml:19:5-68
	android:name
		ADDED from src\main\AndroidManifest.xml:19:22-65
uses-permission#android.permission.ACCESS_FINE_LOCATION
ADDED from src\main\AndroidManifest.xml:20:5-79
	android:name
		ADDED from src\main\AndroidManifest.xml:20:22-76
uses-permission#android.permission.MOUNT_UNMOUNT_FILESYSTEMS
ADDED from src\main\AndroidManifest.xml:24:5-84
	android:name
		ADDED from src\main\AndroidManifest.xml:24:22-81
uses-permission#android.permission.VIBRATE
ADDED from src\main\AndroidManifest.xml:28:5-66
	android:name
		ADDED from src\main\AndroidManifest.xml:28:22-63
uses-permission#android.permission.READ_EXTERNAL_STORAGE
ADDED from src\main\AndroidManifest.xml:29:5-80
	android:name
		ADDED from src\main\AndroidManifest.xml:29:22-77
application
ADDED from src\main\AndroidManifest.xml:31:5-76:19
MERGED from [:SMSSDK-2.1.3:] AndroidManifest.xml:11:5-12:19
MERGED from [:SMSSDKGUI-2.1.3:] AndroidManifest.xml:11:5-12:19
MERGED from [com.github.chenupt.android:springindicator:1.0.2] AndroidManifest.xml:11:5-20
MERGED from [com.android.support:design:25.3.1] AndroidManifest.xml:29:5-20
MERGED from [com.android.support:transition:25.3.1] AndroidManifest.xml:26:5-20
MERGED from [co.lujun:androidtagview:1.1.0] AndroidManifest.xml:11:5-12:19
MERGED from [com.github.jd-alexander:LikeButton:0.2.0] AndroidManifest.xml:11:5-15:19
MERGED from [com.android.support:appcompat-v7:25.3.1] AndroidManifest.xml:29:5-20
MERGED from [com.android.support:support-v4:25.3.1] AndroidManifest.xml:29:5-20
MERGED from [com.android.support:support-fragment:25.3.1] AndroidManifest.xml:29:5-20
MERGED from [com.android.support:support-media-compat:25.3.1] AndroidManifest.xml:29:5-20
MERGED from [com.android.support:support-core-ui:25.3.1] AndroidManifest.xml:29:5-20
MERGED from [com.android.support:support-core-utils:25.3.1] AndroidManifest.xml:29:5-20
MERGED from [com.android.support:animated-vector-drawable:25.3.1] AndroidManifest.xml:26:5-20
MERGED from [com.android.support:support-vector-drawable:25.3.1] AndroidManifest.xml:26:5-20
MERGED from [com.android.support:support-compat:25.3.1] AndroidManifest.xml:29:5-20
MERGED from [de.hdodenhof:circleimageview:2.1.0] AndroidManifest.xml:9:5-20
MERGED from [com.android.support.constraint:constraint-layout:1.0.2] AndroidManifest.xml:9:5-20
	android:label
		ADDED from src\main\AndroidManifest.xml:35:9-41
	android:supportsRtl
		ADDED from [com.github.jd-alexander:LikeButton:0.2.0] AndroidManifest.xml:14:9-35
	android:allowBackup
		ADDED from src\main\AndroidManifest.xml:33:9-35
	android:icon
		ADDED from src\main\AndroidManifest.xml:34:9-38
	android:theme
		ADDED from src\main\AndroidManifest.xml:36:9-40
	android:name
		ADDED from src\main\AndroidManifest.xml:32:9-43
activity#com.baibian.activity.login.Welcome
ADDED from src\main\AndroidManifest.xml:37:9-45:20
	android:label
		ADDED from src\main\AndroidManifest.xml:39:13-45
	android:name
		ADDED from src\main\AndroidManifest.xml:38:13-51
intent-filter#android.intent.action.MAIN+android.intent.category.LAUNCHER
ADDED from src\main\AndroidManifest.xml:40:13-44:29
action#android.intent.action.MAIN
ADDED from src\main\AndroidManifest.xml:41:17-69
	android:name
		ADDED from src\main\AndroidManifest.xml:41:25-66
category#android.intent.category.LAUNCHER
ADDED from src\main\AndroidManifest.xml:43:17-77
	android:name
		ADDED from src\main\AndroidManifest.xml:43:27-74
activity#com.baibian.activity.MainActivity
ADDED from src\main\AndroidManifest.xml:46:9-59
	android:name
		ADDED from src\main\AndroidManifest.xml:46:19-56
activity#com.baibian.activity.ChannelActivity
ADDED from src\main\AndroidManifest.xml:47:9-62
	android:name
		ADDED from src\main\AndroidManifest.xml:47:19-59
activity#com.baibian.activity.newsDetailsActivity
ADDED from src\main\AndroidManifest.xml:48:9-66
	android:name
		ADDED from src\main\AndroidManifest.xml:48:19-63
activity#com.baibian.activity.CityListActivity
ADDED from src\main\AndroidManifest.xml:49:9-63
	android:name
		ADDED from src\main\AndroidManifest.xml:49:19-60
activity#com.baibian.activity.setting.SettingsActivity
ADDED from src\main\AndroidManifest.xml:50:9-71
	android:name
		ADDED from src\main\AndroidManifest.xml:50:19-68
activity#com.baibian.activity.ImageShowActivity
ADDED from src\main\AndroidManifest.xml:51:9-64
	android:name
		ADDED from src\main\AndroidManifest.xml:51:19-61
activity#com.baibian.activity.login.Login4Activity
ADDED from src\main\AndroidManifest.xml:52:9-67
	android:name
		ADDED from src\main\AndroidManifest.xml:52:19-64
activity#com.baibian.activity.login.registerActivity
ADDED from src\main\AndroidManifest.xml:53:9-69
	android:name
		ADDED from src\main\AndroidManifest.xml:53:19-66
activity#com.baibian.activity.login.GuideActivity
ADDED from src\main\AndroidManifest.xml:54:9-66
	android:name
		ADDED from src\main\AndroidManifest.xml:54:19-63
activity#com.baibian.activity.ChoiceDirectionActivity
ADDED from src\main\AndroidManifest.xml:55:9-70
	android:name
		ADDED from src\main\AndroidManifest.xml:55:19-67
activity#com.baibian.activity.UsersImformationActivity
ADDED from src\main\AndroidManifest.xml:56:9-71
	android:name
		ADDED from src\main\AndroidManifest.xml:56:19-68
activity#com.baibian.activity.setting.MessageSettingAcitivity
ADDED from src\main\AndroidManifest.xml:57:9-78
	android:name
		ADDED from src\main\AndroidManifest.xml:57:19-75
activity#com.baibian.activity.setting.PushSetting
ADDED from src\main\AndroidManifest.xml:58:9-66
	android:name
		ADDED from src\main\AndroidManifest.xml:58:19-63
activity#com.baibian.activity.Edit_Information_Activity
ADDED from src\main\AndroidManifest.xml:59:9-72
	android:name
		ADDED from src\main\AndroidManifest.xml:59:19-69
activity#com.baibian.activity.DetailsActivity
ADDED from src\main\AndroidManifest.xml:60:9-62
	android:name
		ADDED from src\main\AndroidManifest.xml:60:19-59
activity#com.baibian.activity.DiscussionActivity
ADDED from src\main\AndroidManifest.xml:61:9-65
	android:name
		ADDED from src\main\AndroidManifest.xml:61:19-62
activity#com.baibian.activity.LargeActivity
ADDED from src\main\AndroidManifest.xml:62:9-60
	android:name
		ADDED from src\main\AndroidManifest.xml:62:19-57
activity#com.baibian.activity.EditPortraitActivity
ADDED from src\main\AndroidManifest.xml:63:9-67
	android:name
		ADDED from src\main\AndroidManifest.xml:63:19-64
activity#com.baibian.activity.OtherInformationActivity
ADDED from src\main\AndroidManifest.xml:64:9-70
	android:name
		ADDED from src\main\AndroidManifest.xml:64:19-68
activity#com.mob.tools.MobUIShell
ADDED from src\main\AndroidManifest.xml:65:9-69:70
	android:windowSoftInputMode
		ADDED from src\main\AndroidManifest.xml:69:13-67
	android:configChanges
		ADDED from src\main\AndroidManifest.xml:67:13-74
	android:theme
		ADDED from src\main\AndroidManifest.xml:68:13-72
	android:name
		ADDED from src\main\AndroidManifest.xml:66:13-52
receiver#com.baibian.receiver.ImageLoadReceiver
ADDED from src\main\AndroidManifest.xml:71:9-75:20
	android:enabled
		ADDED from src\main\AndroidManifest.xml:73:13-35
	android:exported
		ADDED from src\main\AndroidManifest.xml:74:13-37
	android:name
		ADDED from src\main\AndroidManifest.xml:72:13-55
meta-data#android.support.VERSION
ADDED from [com.android.support:design:25.3.1] AndroidManifest.xml:25:5-27:34
MERGED from [com.android.support:transition:25.3.1] AndroidManifest.xml:22:5-24:34
MERGED from [com.android.support:recyclerview-v7:25.3.1] AndroidManifest.xml:22:5-24:34
MERGED from [com.android.support:appcompat-v7:25.3.1] AndroidManifest.xml:25:5-27:34
MERGED from [com.android.support:support-v4:25.3.1] AndroidManifest.xml:25:5-27:34
MERGED from [com.android.support:support-fragment:25.3.1] AndroidManifest.xml:25:5-27:34
MERGED from [com.android.support:support-media-compat:25.3.1] AndroidManifest.xml:25:5-27:34
MERGED from [com.android.support:support-core-ui:25.3.1] AndroidManifest.xml:25:5-27:34
MERGED from [com.android.support:support-core-utils:25.3.1] AndroidManifest.xml:25:5-27:34
MERGED from [com.android.support:animated-vector-drawable:25.3.1] AndroidManifest.xml:22:5-24:34
MERGED from [com.android.support:support-vector-drawable:25.3.1] AndroidManifest.xml:22:5-24:34
MERGED from [com.android.support:support-compat:25.3.1] AndroidManifest.xml:25:5-27:34
	android:value
		ADDED from [com.android.support:design:25.3.1] AndroidManifest.xml:27:9-31
	android:name
		ADDED from [com.android.support:design:25.3.1] AndroidManifest.xml:26:9-47